[debug] [2024-04-05T19:01:33.699Z] ----------------------------------------------------------------------
[debug] [2024-04-05T19:01:33.704Z] Command:       C:\Program Files\nodejs\node.exe C:\Users\fitse\AppData\Roaming\npm\node_modules\firebase-tools\lib\bin\firebase.js emulators:start --only functions
[debug] [2024-04-05T19:01:33.706Z] CLI Version:   13.7.0
[debug] [2024-04-05T19:01:33.706Z] Platform:      win32
[debug] [2024-04-05T19:01:33.707Z] Node Version:  v20.10.0
[debug] [2024-04-05T19:01:33.708Z] Time:          Fri Apr 05 2024 22:01:33 GMT+0300 (East Africa Time)
[debug] [2024-04-05T19:01:33.708Z] ----------------------------------------------------------------------
[debug] 
[debug] [2024-04-05T19:01:33.927Z] > command requires scopes: ["email","openid","https://www.googleapis.com/auth/cloudplatformprojects.readonly","https://www.googleapis.com/auth/firebase","https://www.googleapis.com/auth/cloud-platform"]
[debug] [2024-04-05T19:01:33.928Z] > authorizing via signed-in user (fitsumtafese01@gmail.com)
[info] i  emulators: Starting emulators: functions {"metadata":{"emulator":{"name":"hub"},"message":"Starting emulators: functions"}}
[debug] [2024-04-05T19:01:33.978Z] [logging] Logging Emulator only supports listening on one address (127.0.0.1). Not listening on ::1
[debug] [2024-04-05T19:01:33.979Z] assigned listening specs for emulators {"user":{"hub":[{"address":"127.0.0.1","family":"IPv4","port":4400},{"address":"::1","family":"IPv6","port":4400}],"ui":[{"address":"127.0.0.1","family":"IPv4","port":4000},{"address":"::1","family":"IPv6","port":4000}],"logging":[{"address":"127.0.0.1","family":"IPv4","port":4500}]},"metadata":{"message":"assigned listening specs for emulators"}}
[debug] [2024-04-05T19:01:33.994Z] [hub] writing locator at C:\Users\fitse\AppData\Local\Temp\hub-clone-65c11.json
[debug] [2024-04-05T19:01:34.052Z] [functions] Functions Emulator only supports listening on one address (127.0.0.1). Not listening on ::1
[debug] [2024-04-05T19:01:34.053Z] [eventarc] Eventarc Emulator only supports listening on one address (127.0.0.1). Not listening on ::1
[debug] [2024-04-05T19:01:34.053Z] late-assigned ports for functions and eventarc emulators {"user":{"hub":[{"address":"127.0.0.1","family":"IPv4","port":4400},{"address":"::1","family":"IPv6","port":4400}],"ui":[{"address":"127.0.0.1","family":"IPv4","port":4000},{"address":"::1","family":"IPv6","port":4000}],"logging":[{"address":"127.0.0.1","family":"IPv4","port":4500}],"functions":[{"address":"127.0.0.1","family":"IPv4","port":5001}],"eventarc":[{"address":"127.0.0.1","family":"IPv4","port":9299}]},"metadata":{"message":"late-assigned ports for functions and eventarc emulators"}}
[warn] !  functions: The following emulators are not running, calls to these services from the Functions emulator will affect production: auth, firestore, database, hosting, pubsub, storage {"metadata":{"emulator":{"name":"functions"},"message":"The following emulators are not running, calls to these services from the Functions emulator will affect production: \u001b[1mauth, firestore, database, hosting, pubsub, storage\u001b[22m"}}
[debug] [2024-04-05T19:01:34.061Z] defaultcredentials: writing to file C:\Users\fitse\AppData\Roaming\firebase\fitsumtafese01_gmail_com_application_default_credentials.json
[debug] [2024-04-05T19:01:34.070Z] Setting GAC to C:\Users\fitse\AppData\Roaming\firebase\fitsumtafese01_gmail_com_application_default_credentials.json {"metadata":{"emulator":{"name":"functions"},"message":"Setting GAC to C:\\Users\\fitse\\AppData\\Roaming\\firebase\\fitsumtafese01_gmail_com_application_default_credentials.json"}}
[debug] [2024-04-05T19:01:34.077Z] >>> [apiv2][query] GET https://firebase.googleapis.com/v1beta1/projects/clone-65c11/adminSdkConfig [none]
[debug] [2024-04-05T19:01:35.084Z] <<< [apiv2][status] GET https://firebase.googleapis.com/v1beta1/projects/clone-65c11/adminSdkConfig 200
[debug] [2024-04-05T19:01:35.085Z] <<< [apiv2][body] GET https://firebase.googleapis.com/v1beta1/projects/clone-65c11/adminSdkConfig {"projectId":"clone-65c11","storageBucket":"clone-65c11.appspot.com"}
[debug] [2024-04-05T19:01:35.223Z] Ignoring unsupported arg: auto_download {"metadata":{"emulator":{"name":"ui"},"message":"Ignoring unsupported arg: auto_download"}}
[debug] [2024-04-05T19:01:35.223Z] Ignoring unsupported arg: port {"metadata":{"emulator":{"name":"ui"},"message":"Ignoring unsupported arg: port"}}
[debug] [2024-04-05T19:01:35.223Z] Starting Emulator UI with command {"binary":"node","args":["C:\\Users\\fitse\\.cache\\firebase\\emulators\\ui-v1.11.8\\server\\server.mjs"],"optionalArgs":[],"joinArgs":false} {"metadata":{"emulator":{"name":"ui"},"message":"Starting Emulator UI with command {\"binary\":\"node\",\"args\":[\"C:\\\\Users\\\\fitse\\\\.cache\\\\firebase\\\\emulators\\\\ui-v1.11.8\\\\server\\\\server.mjs\"],\"optionalArgs\":[],\"joinArgs\":false}"}}
[info] i  ui: Emulator UI logging to ui-debug.log {"metadata":{"emulator":{"name":"ui"},"message":"Emulator UI logging to \u001b[1mui-debug.log\u001b[22m"}}
[debug] [2024-04-05T19:01:35.528Z] Web / API server started at 127.0.0.1:4000
 {"metadata":{"emulator":{"name":"ui"},"message":"Web / API server started at 127.0.0.1:4000\n"}}
[debug] [2024-04-05T19:01:35.529Z] Web / API server started at ::1:4000
 {"metadata":{"emulator":{"name":"ui"},"message":"Web / API server started at ::1:4000\n"}}
[info] i  functions: Watching "C:\Users\fitse\Desktop\evangadi\phase 4\AmazonClone\Amazone-Clone-2024\amazone\Client-side\functions" for Cloud Functions... {"metadata":{"emulator":{"name":"functions"},"message":"Watching \"C:\\Users\\fitse\\Desktop\\evangadi\\phase 4\\AmazonClone\\Amazone-Clone-2024\\amazone\\Client-side\\functions\" for Cloud Functions..."}}
[debug] [2024-04-05T19:01:35.811Z] Validating nodejs source
[debug] [2024-04-05T19:01:38.077Z] > [functions] package.json contents: {
  "name": "functions",
  "description": "Cloud Functions for Firebase",
  "scripts": {
    "serve": "firebase emulators:start --only functions",
    "shell": "firebase functions:shell",
    "start": "npm run shell",
    "deploy": "firebase deploy --only functions",
    "logs": "firebase functions:log"
  },
  "engines": {
    "node": "18"
  },
  "main": "index.js",
  "dependencies": {
    "cors": "^2.8.5",
    "dotenv": "^16.4.5",
    "express": "^4.19.2",
    "firebase-admin": "^11.8.0",
    "firebase-functions": "^4.3.1",
    "stripe": "^14.23.0"
  },
  "devDependencies": {
    "firebase-functions-test": "^3.1.0"
  },
  "private": true
}
[debug] [2024-04-05T19:01:38.077Z] Building nodejs source
[debug] [2024-04-05T19:01:38.078Z] Failed to find version of module node: reached end of search path C:\Users\fitse\Desktop\evangadi\phase 4\AmazonClone\Amazone-Clone-2024\amazone\Client-side\functions\node_modules
[info] +  functions: Using node@20 from host. 
[info] i  functions: Loaded environment variables from .env. 
[debug] [2024-04-05T19:01:38.084Z] Could not find functions.yaml. Must use http discovery
[debug] [2024-04-05T19:01:38.095Z] Found firebase-functions binary at 'C:\Users\fitse\Desktop\evangadi\phase 4\AmazonClone\Amazone-Clone-2024\amazone\Client-side\functions\node_modules\.bin\firebase-functions'
